{"/app/packages/click-up/tasks/TasksFilteredListApiClickUp.ts": {"path":"/app/packages/click-up/tasks/TasksFilteredListApiClickUp.ts","statementMap":{"0":{"start":{"line":2,"column":0},"end":{"line":2,"column":52}},"1":{"start":{"line":7,"column":4},"end":{"line":7,"column":null}},"2":{"start":{"line":5,"column":0},"end":{"line":5,"column":13}},"3":{"start":{"line":23,"column":4},"end":{"line":23,"column":null}},"4":{"start":{"line":16,"column":9},"end":{"line":16,"column":null}},"5":{"start":{"line":24,"column":4},"end":{"line":24,"column":null}},"6":{"start":{"line":25,"column":4},"end":{"line":25,"column":null}},"7":{"start":{"line":19,"column":4},"end":{"line":19,"column":null}},"8":{"start":{"line":29,"column":4},"end":{"line":29,"column":null}},"9":{"start":{"line":33,"column":4},"end":{"line":44,"column":null}},"10":{"start":{"line":34,"column":23},"end":{"line":38,"column":null}},"11":{"start":{"line":40,"column":6},"end":{"line":40,"column":null}},"12":{"start":{"line":42,"column":18},"end":{"line":42,"column":33}},"13":{"start":{"line":43,"column":6},"end":{"line":43,"column":null}},"14":{"start":{"line":11,"column":0},"end":{"line":11,"column":13}}},"fnMap":{"0":{"name":"(anonymous_0)","decl":{"start":{"line":6,"column":2},"end":{"line":6,"column":14}},"loc":{"start":{"line":6,"column":30},"end":{"line":8,"column":3}}},"1":{"name":"(anonymous_1)","decl":{"start":{"line":22,"column":2},"end":{"line":22,"column":14}},"loc":{"start":{"line":22,"column":53},"end":{"line":26,"column":3}}},"2":{"name":"(anonymous_2)","decl":{"start":{"line":18,"column":2},"end":{"line":18,"column":6}},"loc":{"start":{"line":18,"column":12},"end":{"line":20,"column":3}}},"3":{"name":"(anonymous_3)","decl":{"start":{"line":28,"column":10},"end":{"line":28,"column":27}},"loc":{"start":{"line":28,"column":27},"end":{"line":30,"column":3}}},"4":{"name":"(anonymous_4)","decl":{"start":{"line":32,"column":9},"end":{"line":32,"column":14}},"loc":{"start":{"line":32,"column":22},"end":{"line":45,"column":3}}}},"branchMap":{},"s":{"0":2,"1":1,"2":2,"3":3,"4":3,"5":3,"6":3,"7":1,"8":3,"9":2,"10":2,"11":1,"12":1,"13":1,"14":2},"f":{"0":1,"1":3,"2":1,"3":3,"4":2},"b":{}}
,"/app/packages/slack/web-api/WebApi.slack.ts": {"path":"/app/packages/slack/web-api/WebApi.slack.ts","statementMap":{"0":{"start":{"line":1,"column":0},"end":{"line":1,"column":52}},"1":{"start":{"line":11,"column":4},"end":{"line":13,"column":null}},"2":{"start":{"line":7,"column":4},"end":{"line":7,"column":null}},"3":{"start":{"line":3,"column":0},"end":{"line":3,"column":13}}},"fnMap":{"0":{"name":"(anonymous_0)","decl":{"start":{"line":10,"column":2},"end":{"line":10,"column":14}},"loc":{"start":{"line":10,"column":45},"end":{"line":14,"column":3}}},"1":{"name":"(anonymous_1)","decl":{"start":{"line":6,"column":2},"end":{"line":6,"column":6}},"loc":{"start":{"line":6,"column":12},"end":{"line":8,"column":3}}}},"branchMap":{},"s":{"0":1,"1":1,"2":1,"3":1},"f":{"0":1,"1":1},"b":{}}
,"/app/utils/AxiosBase.ts": {"path":"/app/utils/AxiosBase.ts","statementMap":{"0":{"start":{"line":1,"column":0},"end":{"line":1,"column":71}},"1":{"start":{"line":2,"column":0},"end":{"line":2,"column":29}},"2":{"start":{"line":14,"column":4},"end":{"line":14,"column":null}},"3":{"start":{"line":15,"column":4},"end":{"line":15,"column":null}},"4":{"start":{"line":16,"column":4},"end":{"line":16,"column":null}},"5":{"start":{"line":10,"column":4},"end":{"line":10,"column":null}},"6":{"start":{"line":20,"column":4},"end":{"line":20,"column":null}},"7":{"start":{"line":24,"column":4},"end":{"line":24,"column":null}},"8":{"start":{"line":28,"column":16},"end":{"line":34,"column":6}},"9":{"start":{"line":36,"column":4},"end":{"line":45,"column":null}},"10":{"start":{"line":38,"column":8},"end":{"line":38,"column":null}},"11":{"start":{"line":39,"column":8},"end":{"line":39,"column":null}},"12":{"start":{"line":42,"column":8},"end":{"line":42,"column":null}},"13":{"start":{"line":43,"column":8},"end":{"line":43,"column":null}},"14":{"start":{"line":47,"column":4},"end":{"line":47,"column":null}},"15":{"start":{"line":4,"column":0},"end":{"line":4,"column":13}}},"fnMap":{"0":{"name":"(anonymous_1)","decl":{"start":{"line":13,"column":2},"end":{"line":13,"column":14}},"loc":{"start":{"line":13,"column":45},"end":{"line":17,"column":3}}},"1":{"name":"(anonymous_2)","decl":{"start":{"line":9,"column":2},"end":{"line":9,"column":6}},"loc":{"start":{"line":9,"column":12},"end":{"line":11,"column":3}}},"2":{"name":"(anonymous_3)","decl":{"start":{"line":19,"column":10},"end":{"line":19,"column":29}},"loc":{"start":{"line":19,"column":49},"end":{"line":21,"column":3}}},"3":{"name":"(anonymous_4)","decl":{"start":{"line":23,"column":10},"end":{"line":23,"column":26}},"loc":{"start":{"line":23,"column":42},"end":{"line":25,"column":3}}},"4":{"name":"(anonymous_5)","decl":{"start":{"line":27,"column":10},"end":{"line":27,"column":23}},"loc":{"start":{"line":27,"column":23},"end":{"line":48,"column":3}}},"5":{"name":"(anonymous_6)","decl":{"start":{"line":37,"column":6},"end":{"line":37,"column":7}},"loc":{"start":{"line":37,"column":19},"end":{"line":40,"column":7}}},"6":{"name":"(anonymous_7)","decl":{"start":{"line":41,"column":6},"end":{"line":41,"column":7}},"loc":{"start":{"line":41,"column":26},"end":{"line":44,"column":7}}}},"branchMap":{},"s":{"0":2,"1":2,"2":3,"3":3,"4":3,"5":3,"6":1,"7":1,"8":3,"9":3,"10":1,"11":1,"12":1,"13":1,"14":3,"15":2},"f":{"0":3,"1":3,"2":1,"3":1,"4":3,"5":1,"6":1},"b":{}}
,"/app/utils/Logger.ts": {"path":"/app/utils/Logger.ts","statementMap":{"0":{"start":{"line":1,"column":0},"end":{"line":1,"column":23}},"1":{"start":{"line":2,"column":0},"end":{"line":2,"column":28}},"2":{"start":{"line":3,"column":0},"end":{"line":3,"column":24}},"3":{"start":{"line":4,"column":0},"end":{"line":4,"column":74}},"4":{"start":{"line":6,"column":27},"end":{"line":20,"column":1}},"5":{"start":{"line":7,"column":15},"end":{"line":7,"column":25}},"6":{"start":{"line":8,"column":28},"end":{"line":8,"column":74}},"7":{"start":{"line":9,"column":30},"end":{"line":9,"column":86}},"8":{"start":{"line":11,"column":19},"end":{"line":11,"column":51}},"9":{"start":{"line":13,"column":2},"end":{"line":13,"column":null}},"10":{"start":{"line":15,"column":23},"end":{"line":15,"column":66}},"11":{"start":{"line":17,"column":2},"end":{"line":17,"column":null}},"12":{"start":{"line":17,"column":40},"end":{"line":17,"column":44}},"13":{"start":{"line":19,"column":2},"end":{"line":19,"column":null}},"14":{"start":{"line":6,"column":13},"end":{"line":6,"column":27}},"15":{"start":{"line":22,"column":25},"end":{"line":27,"column":4}},"16":{"start":{"line":23,"column":2},"end":{"line":27,"column":4}},"17":{"start":{"line":22,"column":13},"end":{"line":22,"column":25}},"18":{"start":{"line":28,"column":13},"end":{"line":38,"column":null}},"19":{"start":{"line":40,"column":15},"end":{"line":44,"column":2}},"20":{"start":{"line":46,"column":0},"end":{"line":46,"column":null}}},"fnMap":{"0":{"name":"(anonymous_7)","decl":{"start":{"line":6,"column":27},"end":{"line":6,"column":28}},"loc":{"start":{"line":6,"column":43},"end":{"line":20,"column":1}}},"1":{"name":"(anonymous_8)","decl":{"start":{"line":17,"column":34},"end":{"line":17,"column":37}},"loc":{"start":{"line":17,"column":40},"end":{"line":17,"column":44}}},"2":{"name":"(anonymous_9)","decl":{"start":{"line":22,"column":25},"end":{"line":22,"column":26}},"loc":{"start":{"line":23,"column":2},"end":{"line":27,"column":4}}}},"branchMap":{"0":{"loc":{"start":{"line":6,"column":28},"end":{"line":6,"column":39}},"type":"default-arg","locations":[{"start":{"line":6,"column":37},"end":{"line":6,"column":39}}]},"1":{"loc":{"start":{"line":22,"column":26},"end":{"line":22,"column":37}},"type":"default-arg","locations":[{"start":{"line":22,"column":35},"end":{"line":22,"column":37}}]}},"s":{"0":3,"1":3,"2":3,"3":3,"4":3,"5":8,"6":8,"7":8,"8":8,"9":8,"10":8,"11":8,"12":4,"13":8,"14":3,"15":3,"16":7,"17":3,"18":3,"19":3,"20":3},"f":{"0":8,"1":4,"2":7},"b":{"0":[1],"1":[1]}}
,"/app/utils/Settings.ts": {"path":"/app/utils/Settings.ts","statementMap":{"0":{"start":{"line":1,"column":0},"end":{"line":1,"column":29}},"1":{"start":{"line":14,"column":4},"end":{"line":14,"column":null}},"2":{"start":{"line":12,"column":0},"end":{"line":12,"column":13}},"3":{"start":{"line":20,"column":4},"end":{"line":20,"column":null}},"4":{"start":{"line":18,"column":0},"end":{"line":18,"column":13}},"5":{"start":{"line":26,"column":4},"end":{"line":26,"column":null}},"6":{"start":{"line":24,"column":0},"end":{"line":24,"column":13}},"7":{"start":{"line":32,"column":10},"end":{"line":32,"column":null}},"8":{"start":{"line":33,"column":10},"end":{"line":33,"column":null}},"9":{"start":{"line":41,"column":4},"end":{"line":41,"column":null}},"10":{"start":{"line":36,"column":4},"end":{"line":36,"column":null}},"11":{"start":{"line":37,"column":4},"end":{"line":37,"column":null}},"12":{"start":{"line":45,"column":21},"end":{"line":53,"column":6}},"13":{"start":{"line":54,"column":4},"end":{"line":54,"column":null}},"14":{"start":{"line":58,"column":4},"end":{"line":63,"column":null}},"15":{"start":{"line":64,"column":4},"end":{"line":64,"column":null}},"16":{"start":{"line":68,"column":4},"end":{"line":75,"column":null}},"17":{"start":{"line":76,"column":4},"end":{"line":76,"column":null}},"18":{"start":{"line":80,"column":23},"end":{"line":80,"column":25}},"19":{"start":{"line":82,"column":4},"end":{"line":84,"column":null}},"20":{"start":{"line":83,"column":6},"end":{"line":83,"column":null}},"21":{"start":{"line":86,"column":4},"end":{"line":86,"column":null}},"22":{"start":{"line":90,"column":4},"end":{"line":94,"column":null}},"23":{"start":{"line":91,"column":6},"end":{"line":93,"column":null}},"24":{"start":{"line":98,"column":21},"end":{"line":98,"column":57}},"25":{"start":{"line":99,"column":22},"end":{"line":99,"column":60}},"26":{"start":{"line":100,"column":4},"end":{"line":100,"column":null}},"27":{"start":{"line":101,"column":4},"end":{"line":101,"column":null}},"28":{"start":{"line":102,"column":4},"end":{"line":102,"column":null}},"29":{"start":{"line":106,"column":4},"end":{"line":106,"column":null}},"30":{"start":{"line":108,"column":16},"end":{"line":108,"column":35}},"31":{"start":{"line":110,"column":4},"end":{"line":112,"column":null}},"32":{"start":{"line":111,"column":6},"end":{"line":111,"column":null}},"33":{"start":{"line":114,"column":4},"end":{"line":114,"column":null}},"34":{"start":{"line":118,"column":4},"end":{"line":118,"column":null}},"35":{"start":{"line":119,"column":18},"end":{"line":119,"column":37}},"36":{"start":{"line":121,"column":4},"end":{"line":123,"column":null}},"37":{"start":{"line":122,"column":6},"end":{"line":122,"column":null}},"38":{"start":{"line":124,"column":4},"end":{"line":124,"column":null}},"39":{"start":{"line":125,"column":4},"end":{"line":125,"column":null}},"40":{"start":{"line":126,"column":4},"end":{"line":126,"column":null}},"41":{"start":{"line":130,"column":4},"end":{"line":130,"column":null}},"42":{"start":{"line":131,"column":18},"end":{"line":131,"column":37}},"43":{"start":{"line":133,"column":4},"end":{"line":135,"column":null}},"44":{"start":{"line":134,"column":6},"end":{"line":134,"column":null}},"45":{"start":{"line":136,"column":4},"end":{"line":136,"column":null}},"46":{"start":{"line":137,"column":4},"end":{"line":137,"column":null}},"47":{"start":{"line":138,"column":4},"end":{"line":138,"column":null}},"48":{"start":{"line":30,"column":0},"end":{"line":30,"column":13}},"49":{"start":{"line":142,"column":18},"end":{"line":142,"column":32}},"50":{"start":{"line":143,"column":9},"end":{"line":143,"column":18}}},"fnMap":{"0":{"name":"(anonymous_1)","decl":{"start":{"line":13,"column":2},"end":{"line":13,"column":14}},"loc":{"start":{"line":13,"column":29},"end":{"line":15,"column":3}}},"1":{"name":"(anonymous_2)","decl":{"start":{"line":19,"column":2},"end":{"line":19,"column":14}},"loc":{"start":{"line":19,"column":29},"end":{"line":21,"column":3}}},"2":{"name":"(anonymous_3)","decl":{"start":{"line":25,"column":2},"end":{"line":25,"column":14}},"loc":{"start":{"line":25,"column":29},"end":{"line":27,"column":3}}},"3":{"name":"(anonymous_4)","decl":{"start":{"line":40,"column":2},"end":{"line":40,"column":14}},"loc":{"start":{"line":40,"column":34},"end":{"line":42,"column":3}}},"4":{"name":"(anonymous_5)","decl":{"start":{"line":35,"column":2},"end":{"line":35,"column":6}},"loc":{"start":{"line":35,"column":14},"end":{"line":38,"column":3}}},"5":{"name":"(anonymous_6)","decl":{"start":{"line":44,"column":10},"end":{"line":44,"column":15}},"loc":{"start":{"line":44,"column":39},"end":{"line":55,"column":3}}},"6":{"name":"(anonymous_7)","decl":{"start":{"line":57,"column":10},"end":{"line":57,"column":15}},"loc":{"start":{"line":57,"column":69},"end":{"line":65,"column":3}}},"7":{"name":"(anonymous_8)","decl":{"start":{"line":67,"column":10},"end":{"line":67,"column":15}},"loc":{"start":{"line":67,"column":72},"end":{"line":77,"column":3}}},"8":{"name":"(anonymous_9)","decl":{"start":{"line":79,"column":10},"end":{"line":79,"column":33}},"loc":{"start":{"line":79,"column":55},"end":{"line":87,"column":3}}},"9":{"name":"(anonymous_10)","decl":{"start":{"line":82,"column":21},"end":{"line":82,"column":22}},"loc":{"start":{"line":82,"column":29},"end":{"line":84,"column":5}}},"10":{"name":"(anonymous_11)","decl":{"start":{"line":89,"column":10},"end":{"line":89,"column":26}},"loc":{"start":{"line":89,"column":26},"end":{"line":95,"column":3}}},"11":{"name":"(anonymous_12)","decl":{"start":{"line":97,"column":9},"end":{"line":97,"column":14}},"loc":{"start":{"line":97,"column":28},"end":{"line":103,"column":3}}},"12":{"name":"(anonymous_13)","decl":{"start":{"line":105,"column":9},"end":{"line":105,"column":19}},"loc":{"start":{"line":105,"column":31},"end":{"line":115,"column":3}}},"13":{"name":"(anonymous_14)","decl":{"start":{"line":117,"column":9},"end":{"line":117,"column":19}},"loc":{"start":{"line":117,"column":44},"end":{"line":127,"column":3}}},"14":{"name":"(anonymous_15)","decl":{"start":{"line":129,"column":9},"end":{"line":129,"column":22}},"loc":{"start":{"line":129,"column":47},"end":{"line":139,"column":3}}}},"branchMap":{"0":{"loc":{"start":{"line":41,"column":19},"end":{"line":41,"column":33}},"type":"binary-expr","locations":[{"start":{"line":41,"column":19},"end":{"line":41,"column":23}},{"start":{"line":41,"column":27},"end":{"line":41,"column":33}}]},"1":{"loc":{"start":{"line":90,"column":4},"end":{"line":94,"column":null}},"type":"if","locations":[{"start":{"line":90,"column":4},"end":{"line":94,"column":null}}]},"2":{"loc":{"start":{"line":110,"column":4},"end":{"line":112,"column":null}},"type":"if","locations":[{"start":{"line":110,"column":4},"end":{"line":112,"column":null}}]},"3":{"loc":{"start":{"line":121,"column":4},"end":{"line":123,"column":null}},"type":"if","locations":[{"start":{"line":121,"column":4},"end":{"line":123,"column":null}}]},"4":{"loc":{"start":{"line":133,"column":4},"end":{"line":135,"column":null}},"type":"if","locations":[{"start":{"line":133,"column":4},"end":{"line":135,"column":null}}]}},"s":{"0":2,"1":1,"2":2,"3":2,"4":2,"5":1,"6":2,"7":11,"8":11,"9":11,"10":3,"11":3,"12":8,"13":8,"14":1,"15":1,"16":1,"17":1,"18":8,"19":8,"20":16,"21":8,"22":12,"23":1,"24":8,"25":8,"26":8,"27":8,"28":8,"29":5,"30":4,"31":4,"32":1,"33":3,"34":2,"35":2,"36":2,"37":1,"38":1,"39":1,"40":1,"41":2,"42":2,"43":2,"44":1,"45":1,"46":1,"47":1,"48":2,"49":2,"50":2},"f":{"0":1,"1":2,"2":1,"3":11,"4":3,"5":8,"6":1,"7":1,"8":8,"9":16,"10":12,"11":8,"12":5,"13":2,"14":2},"b":{"0":[11,2],"1":[1],"2":[1],"3":[1],"4":[1]}}
,"/app/utils/test-utils/db-context.ts": {"path":"/app/utils/test-utils/db-context.ts","statementMap":{"0":{"start":{"line":2,"column":0},"end":{"line":2,"column":60}},"1":{"start":{"line":12,"column":33},"end":{"line":16,"column":1}},"2":{"start":{"line":13,"column":2},"end":{"line":15,"column":null}},"3":{"start":{"line":12,"column":13},"end":{"line":12,"column":33}}},"fnMap":{"0":{"name":"(anonymous_0)","decl":{"start":{"line":12,"column":33},"end":{"line":12,"column":49}},"loc":{"start":{"line":12,"column":51},"end":{"line":16,"column":1}}}},"branchMap":{},"s":{"0":2,"1":2,"2":8,"3":2},"f":{"0":8},"b":{}}
}
