TN:
SF:packages/click-up/tasks/TasksFilteredListApiClickUp.ts
FN:6,(anonymous_0)
FN:22,(anonymous_1)
FN:18,(anonymous_2)
FN:28,(anonymous_3)
FN:32,(anonymous_4)
FNF:5
FNH:5
FNDA:1,(anonymous_0)
FNDA:3,(anonymous_1)
FNDA:1,(anonymous_2)
FNDA:3,(anonymous_3)
FNDA:2,(anonymous_4)
DA:2,2
DA:5,2
DA:7,1
DA:11,2
DA:16,3
DA:19,1
DA:23,3
DA:24,3
DA:25,3
DA:29,3
DA:33,2
DA:34,2
DA:40,1
DA:42,1
DA:43,1
LF:15
LH:15
BRF:0
BRH:0
end_of_record
TN:
SF:packages/slack/web-api/WebApi.slack.ts
FN:10,(anonymous_0)
FN:6,(anonymous_1)
FNF:2
FNH:2
FNDA:1,(anonymous_0)
FNDA:1,(anonymous_1)
DA:1,1
DA:3,1
DA:7,1
DA:11,1
LF:4
LH:4
BRF:0
BRH:0
end_of_record
TN:
SF:utils/AxiosBase.ts
FN:13,(anonymous_1)
FN:9,(anonymous_2)
FN:19,(anonymous_3)
FN:23,(anonymous_4)
FN:27,(anonymous_5)
FN:37,(anonymous_6)
FN:41,(anonymous_7)
FNF:7
FNH:7
FNDA:3,(anonymous_1)
FNDA:3,(anonymous_2)
FNDA:1,(anonymous_3)
FNDA:1,(anonymous_4)
FNDA:3,(anonymous_5)
FNDA:1,(anonymous_6)
FNDA:1,(anonymous_7)
DA:1,2
DA:2,2
DA:4,2
DA:10,3
DA:14,3
DA:15,3
DA:16,3
DA:20,1
DA:24,1
DA:28,3
DA:36,3
DA:38,1
DA:39,1
DA:42,1
DA:43,1
DA:47,3
LF:16
LH:16
BRF:0
BRH:0
end_of_record
TN:
SF:utils/Logger.ts
FN:6,(anonymous_7)
FN:17,(anonymous_8)
FN:22,(anonymous_9)
FNF:3
FNH:3
FNDA:8,(anonymous_7)
FNDA:4,(anonymous_8)
FNDA:7,(anonymous_9)
DA:1,3
DA:2,3
DA:3,3
DA:4,3
DA:6,3
DA:7,8
DA:8,8
DA:9,8
DA:11,8
DA:13,8
DA:15,8
DA:17,8
DA:19,8
DA:22,3
DA:23,7
DA:28,3
DA:40,3
DA:46,3
LF:18
LH:18
BRDA:6,0,0,1
BRDA:22,1,0,1
BRF:2
BRH:2
end_of_record
TN:
SF:utils/Settings.ts
FN:13,(anonymous_1)
FN:19,(anonymous_2)
FN:25,(anonymous_3)
FN:40,(anonymous_4)
FN:35,(anonymous_5)
FN:44,(anonymous_6)
FN:57,(anonymous_7)
FN:67,(anonymous_8)
FN:79,(anonymous_9)
FN:82,(anonymous_10)
FN:89,(anonymous_11)
FN:97,(anonymous_12)
FN:105,(anonymous_13)
FN:117,(anonymous_14)
FN:129,(anonymous_15)
FNF:15
FNH:15
FNDA:1,(anonymous_1)
FNDA:2,(anonymous_2)
FNDA:1,(anonymous_3)
FNDA:11,(anonymous_4)
FNDA:3,(anonymous_5)
FNDA:8,(anonymous_6)
FNDA:1,(anonymous_7)
FNDA:1,(anonymous_8)
FNDA:8,(anonymous_9)
FNDA:16,(anonymous_10)
FNDA:12,(anonymous_11)
FNDA:8,(anonymous_12)
FNDA:5,(anonymous_13)
FNDA:2,(anonymous_14)
FNDA:2,(anonymous_15)
DA:1,2
DA:12,2
DA:14,1
DA:18,2
DA:20,2
DA:24,2
DA:26,1
DA:30,2
DA:32,11
DA:33,11
DA:36,3
DA:37,3
DA:41,11
DA:45,8
DA:54,8
DA:58,1
DA:64,1
DA:68,1
DA:76,1
DA:80,8
DA:82,8
DA:83,16
DA:86,8
DA:90,12
DA:91,1
DA:98,8
DA:99,8
DA:100,8
DA:101,8
DA:102,8
DA:106,5
DA:108,4
DA:110,4
DA:111,1
DA:114,3
DA:118,2
DA:119,2
DA:121,2
DA:122,1
DA:124,1
DA:125,1
DA:126,1
DA:130,2
DA:131,2
DA:133,2
DA:134,1
DA:136,1
DA:137,1
DA:138,1
DA:142,2
DA:143,2
LF:51
LH:51
BRDA:41,0,0,11
BRDA:41,0,1,2
BRDA:90,1,0,1
BRDA:110,2,0,1
BRDA:121,3,0,1
BRDA:133,4,0,1
BRF:6
BRH:6
end_of_record
TN:
SF:utils/test-utils/db-context.ts
FN:12,(anonymous_0)
FNF:1
FNH:1
FNDA:8,(anonymous_0)
DA:2,2
DA:12,2
DA:13,8
LF:3
LH:3
BRF:0
BRH:0
end_of_record
